=== puma startup: 2016-04-23 16:49:46 +0800 ===
=== puma startup: 2016-04-23 17:30:10 +0800 ===
=== puma startup: 2016-04-24 00:35:34 +0800 ===
2016-04-24 00:52:09 +0800: HTTP parse error, malformed request (): #<Puma::HttpParserError: Invalid HTTP format, parsing fails.>
2016-04-24 00:52:09 +0800: ENV: {"rack.version"=>[1, 3], "rack.errors"=>#<IO:log/puma_vkation.log>, "rack.multithread"=>true, "rack.multiprocess"=>false, "rack.run_once"=>false, "SCRIPT_NAME"=>"", "QUERY_STRING"=>"", "SERVER_PROTOCOL"=>"HTTP/1.1", "SERVER_SOFTWARE"=>"puma 3.4.0 Owl Bowl Brawl", "GATEWAY_INTERFACE"=>"CGI/1.2", "REQUEST_METHOD"=>"GET"}
---
/Users/crado/.rvm/gems/ruby-2.3.0/gems/rack-1.6.4/lib/rack/server.rb:355:in `delete': No such file or directory @ unlink_internal - /Volumes/Personal/6upwork/gandi/vkation/tmp/pids/server.pid (Errno::ENOENT)
	from /Users/crado/.rvm/gems/ruby-2.3.0/gems/rack-1.6.4/lib/rack/server.rb:355:in `block in write_pid'
	from /Users/crado/.rvm/gems/ruby-2.3.0/gems/puma-3.4.0/lib/puma/cluster.rb:120:in `fork'
	from /Users/crado/.rvm/gems/ruby-2.3.0/gems/puma-3.4.0/lib/puma/cluster.rb:120:in `block in spawn_workers'
	from /Users/crado/.rvm/gems/ruby-2.3.0/gems/puma-3.4.0/lib/puma/cluster.rb:116:in `times'
	from /Users/crado/.rvm/gems/ruby-2.3.0/gems/puma-3.4.0/lib/puma/cluster.rb:116:in `spawn_workers'
	from /Users/crado/.rvm/gems/ruby-2.3.0/gems/puma-3.4.0/lib/puma/cluster.rb:424:in `run'
	from /Users/crado/.rvm/gems/ruby-2.3.0/gems/puma-3.4.0/lib/puma/launcher.rb:172:in `run'
	from /Users/crado/.rvm/gems/ruby-2.3.0/gems/puma-3.4.0/lib/rack/handler/puma.rb:51:in `run'
	from /Users/crado/.rvm/gems/ruby-2.3.0/gems/rack-1.6.4/lib/rack/server.rb:286:in `start'
	from /Users/crado/.rvm/gems/ruby-2.3.0/gems/railties-4.2.6/lib/rails/commands/server.rb:80:in `start'
	from /Users/crado/.rvm/gems/ruby-2.3.0/gems/railties-4.2.6/lib/rails/commands/commands_tasks.rb:80:in `block in server'
	from /Users/crado/.rvm/gems/ruby-2.3.0/gems/railties-4.2.6/lib/rails/commands/commands_tasks.rb:75:in `tap'
	from /Users/crado/.rvm/gems/ruby-2.3.0/gems/railties-4.2.6/lib/rails/commands/commands_tasks.rb:75:in `server'
	from /Users/crado/.rvm/gems/ruby-2.3.0/gems/railties-4.2.6/lib/rails/commands/commands_tasks.rb:39:in `run_command!'
	from /Users/crado/.rvm/gems/ruby-2.3.0/gems/railties-4.2.6/lib/rails/commands.rb:17:in `<top (required)>'
	from /Volumes/Personal/6upwork/gandi/vkation/bin/rails:9:in `require'
	from /Volumes/Personal/6upwork/gandi/vkation/bin/rails:9:in `<top (required)>'
	from /Users/crado/.rvm/gems/ruby-2.3.0/gems/spring-1.7.1/lib/spring/client/rails.rb:28:in `load'
	from /Users/crado/.rvm/gems/ruby-2.3.0/gems/spring-1.7.1/lib/spring/client/rails.rb:28:in `call'
	from /Users/crado/.rvm/gems/ruby-2.3.0/gems/spring-1.7.1/lib/spring/client/command.rb:7:in `call'
	from /Users/crado/.rvm/gems/ruby-2.3.0/gems/spring-1.7.1/lib/spring/client.rb:30:in `run'
	from /Users/crado/.rvm/gems/ruby-2.3.0/gems/spring-1.7.1/bin/spring:49:in `<top (required)>'
	from /Users/crado/.rvm/gems/ruby-2.3.0/gems/spring-1.7.1/lib/spring/binstub.rb:11:in `load'
	from /Users/crado/.rvm/gems/ruby-2.3.0/gems/spring-1.7.1/lib/spring/binstub.rb:11:in `<top (required)>'
	from /Volumes/Personal/6upwork/gandi/vkation/bin/spring:13:in `require'
	from /Volumes/Personal/6upwork/gandi/vkation/bin/spring:13:in `<top (required)>'
	from bin/rails:3:in `load'
	from bin/rails:3:in `<main>'
=== puma startup: 2016-04-24 23:05:10 +0800 ===
=== puma startup: 2016-04-24 23:07:50 +0800 ===
